2025-07-16 15:24:49 [main] INFO  com.openclassrooms.medilabo.patientService.controller.PatientControllerIT - Starting PatientControllerIT using Java 21.0.5 with PID 25272 (started by Cy in C:\Workspace\OC_P9_Medilabo\patientService)
2025-07-16 15:24:49 [main] DEBUG com.openclassrooms.medilabo.patientService.controller.PatientControllerIT - Running with Spring Boot v3.4.7, Spring v6.2.8
2025-07-16 15:24:49 [main] INFO  com.openclassrooms.medilabo.patientService.controller.PatientControllerIT - The following 1 profile is active: "test"
2025-07-16 15:26:02 [main] INFO  com.openclassrooms.medilabo.patientService.controller.PatientControllerIT - Starting PatientControllerIT using Java 21.0.5 with PID 20684 (started by Cy in C:\Workspace\OC_P9_Medilabo\patientService)
2025-07-16 15:26:02 [main] DEBUG com.openclassrooms.medilabo.patientService.controller.PatientControllerIT - Running with Spring Boot v3.4.7, Spring v6.2.8
2025-07-16 15:26:02 [main] INFO  com.openclassrooms.medilabo.patientService.controller.PatientControllerIT - The following 1 profile is active: "test"
2025-07-16 15:29:24 [main] INFO  com.openclassrooms.medilabo.patientService.controller.PatientControllerIT - Starting PatientControllerIT using Java 21.0.5 with PID 18156 (started by Cy in C:\Workspace\OC_P9_Medilabo\patientService)
2025-07-16 15:29:24 [main] DEBUG com.openclassrooms.medilabo.patientService.controller.PatientControllerIT - Running with Spring Boot v3.4.7, Spring v6.2.8
2025-07-16 15:29:24 [main] INFO  com.openclassrooms.medilabo.patientService.controller.PatientControllerIT - The following 1 profile is active: "test"
2025-07-16 15:29:35 [main] INFO  com.openclassrooms.medilabo.patientService.controller.PatientControllerIT - Started PatientControllerIT in 11.907 seconds (process running for 15.798)
2025-07-16 15:37:59 [main] INFO  com.openclassrooms.medilabo.patientService.controller.PatientControllerIT - Starting PatientControllerIT using Java 21.0.5 with PID 23968 (started by Cy in C:\Workspace\OC_P9_Medilabo\patientService)
2025-07-16 15:37:59 [main] DEBUG com.openclassrooms.medilabo.patientService.controller.PatientControllerIT - Running with Spring Boot v3.4.7, Spring v6.2.8
2025-07-16 15:37:59 [main] INFO  com.openclassrooms.medilabo.patientService.controller.PatientControllerIT - The following 1 profile is active: "test"
2025-07-16 15:38:08 [main] INFO  com.openclassrooms.medilabo.patientService.controller.PatientControllerIT - Started PatientControllerIT in 10.099 seconds (process running for 12.533)
2025-07-16 15:38:10 [main] INFO  com.openclassrooms.medilabo.patientService.controller.PatientController - Received request to create patient: PatientDto(id=null, firstName=John, lastName=Doe, dateOfBirth=1980-01-01, gender=M, phoneNumber=123-456-7890, address=123 rue de Paris)
2025-07-16 15:38:10 [main] INFO  com.openclassrooms.medilabo.patientService.service.PatientService - Creating new patient: PatientDto(id=null, firstName=John, lastName=Doe, dateOfBirth=1980-01-01, gender=M, phoneNumber=123-456-7890, address=123 rue de Paris)
2025-07-16 15:38:10 [main] INFO  com.openclassrooms.medilabo.patientService.service.PatientService - Patient saved successfully with ID 7
2025-07-16 15:38:10 [main] INFO  com.openclassrooms.medilabo.patientService.controller.PatientController - Patient created successfully
2025-07-16 15:38:11 [main] INFO  com.openclassrooms.medilabo.patientService.controller.PatientController - Received request to get all patients
2025-07-16 15:38:11 [main] INFO  com.openclassrooms.medilabo.patientService.service.PatientService - Fetching all patients from repository
2025-07-16 15:38:11 [main] DEBUG com.openclassrooms.medilabo.patientService.service.PatientService - Found 2 patient records
2025-07-16 15:38:11 [main] DEBUG com.openclassrooms.medilabo.patientService.controller.PatientController - Returning 2 patients
2025-07-16 15:38:11 [main] INFO  com.openclassrooms.medilabo.patientService.controller.PatientController - Received request to get patient with ID 12
2025-07-16 15:38:11 [main] INFO  com.openclassrooms.medilabo.patientService.service.PatientService - Fetching patient with ID 12
2025-07-16 15:38:11 [main] DEBUG com.openclassrooms.medilabo.patientService.controller.PatientController - Returning patient: PatientDto(id=12, firstName=Alice, lastName=Dupont, dateOfBirth=1985-05-12, gender=F, phoneNumber=111-222-3333, address=12 rue A)
2025-07-16 15:38:11 [main] INFO  com.openclassrooms.medilabo.patientService.controller.PatientController - Received request to update patient with ID 14: PatientDto(id=null, firstName=Alice, lastName=Dupont, dateOfBirth=1990-02-02, gender=F, phoneNumber=777-888-9999, address=456 rue de Lyon)
2025-07-16 15:38:11 [main] INFO  com.openclassrooms.medilabo.patientService.service.PatientService - Updating patient with ID 14
2025-07-16 15:38:11 [main] INFO  com.openclassrooms.medilabo.patientService.service.PatientService - Patient with ID 14 updated successfully
2025-07-16 15:38:11 [main] INFO  com.openclassrooms.medilabo.patientService.controller.PatientController - Patient with ID 14 updated successfully
2025-07-16 15:38:11 [main] INFO  com.openclassrooms.medilabo.patientService.controller.PatientController - Received request to update patient with ID 9999: PatientDto(id=null, firstName=Ghost, lastName=Patient, dateOfBirth=1970-01-01, gender=M, phoneNumber=000-000-0000, address=Nulle part)
2025-07-16 15:38:11 [main] INFO  com.openclassrooms.medilabo.patientService.service.PatientService - Updating patient with ID 9999
2025-07-16 15:38:11 [main] ERROR com.openclassrooms.medilabo.patientService.exceptions.PatientNotFoundException - Patient with ID 9999 not found for update
2025-07-16 15:38:11 [main] INFO  com.openclassrooms.medilabo.patientService.controller.PatientController - Received request to get patient with ID 9999
2025-07-16 15:38:11 [main] INFO  com.openclassrooms.medilabo.patientService.service.PatientService - Fetching patient with ID 9999
2025-07-16 15:38:11 [main] ERROR com.openclassrooms.medilabo.patientService.exceptions.PatientNotFoundException - Patient with ID 9999 not found for update
