2025-07-08 11:41:45 [main] INFO  com.openclassrooms.medilabo.patientService.controller.PatientControllerIT - Starting PatientControllerIT using Java 21.0.5 with PID 15248 (started by Cy in C:\Workspace\OC_P9_Medilabo\patientService)
2025-07-08 11:41:45 [main] DEBUG com.openclassrooms.medilabo.patientService.controller.PatientControllerIT - Running with Spring Boot v3.4.7, Spring v6.2.8
2025-07-08 11:41:45 [main] INFO  com.openclassrooms.medilabo.patientService.controller.PatientControllerIT - The following 1 profile is active: "test"
2025-07-08 11:42:06 [main] INFO  com.openclassrooms.medilabo.patientService.controller.PatientControllerIT - Started PatientControllerIT in 22.944 seconds (process running for 31.068)
2025-07-08 12:12:47 [main] INFO  com.openclassrooms.medilabo.patientService.controller.PatientControllerIT - Starting PatientControllerIT using Java 21.0.5 with PID 24132 (started by Cy in C:\Workspace\OC_P9_Medilabo\patientService)
2025-07-08 12:12:47 [main] DEBUG com.openclassrooms.medilabo.patientService.controller.PatientControllerIT - Running with Spring Boot v3.4.7, Spring v6.2.8
2025-07-08 12:12:47 [main] INFO  com.openclassrooms.medilabo.patientService.controller.PatientControllerIT - The following 1 profile is active: "test"
2025-07-08 12:12:56 [main] INFO  com.openclassrooms.medilabo.patientService.controller.PatientControllerIT - Started PatientControllerIT in 9.813 seconds (process running for 14.436)
2025-07-11 11:01:40 [main] INFO  com.openclassrooms.medilabo.patientService.PatientServiceApplication - Starting PatientServiceApplication using Java 21.0.5 with PID 26048 (C:\Workspace\OC_P9_Medilabo\patientService\target\classes started by Cy in C:\Workspace\OC_P9_Medilabo)
2025-07-11 11:01:41 [main] DEBUG com.openclassrooms.medilabo.patientService.PatientServiceApplication - Running with Spring Boot v3.4.7, Spring v6.2.8
2025-07-11 11:01:41 [main] INFO  com.openclassrooms.medilabo.patientService.PatientServiceApplication - No active profile set, falling back to 1 default profile: "default"
2025-07-11 11:01:48 [main] INFO  com.openclassrooms.medilabo.patientService.PatientServiceApplication - Started PatientServiceApplication in 8.279 seconds (process running for 18.587)
2025-07-11 11:01:59 [http-nio-8081-exec-1] INFO  com.openclassrooms.medilabo.patientService.controller.PatientController - Received request to get all patients
2025-07-11 11:01:59 [http-nio-8081-exec-1] INFO  com.openclassrooms.medilabo.patientService.service.PatientService - Fetching all patients from repository
2025-07-11 11:01:59 [http-nio-8081-exec-1] DEBUG com.openclassrooms.medilabo.patientService.service.PatientService - Found 4 patient records
2025-07-11 11:01:59 [http-nio-8081-exec-1] DEBUG com.openclassrooms.medilabo.patientService.controller.PatientController - Returning 4 patients
2025-07-11 11:02:01 [http-nio-8081-exec-3] INFO  com.openclassrooms.medilabo.patientService.controller.PatientController - Received request to get patient with ID 2
2025-07-11 11:02:01 [http-nio-8081-exec-3] INFO  com.openclassrooms.medilabo.patientService.service.PatientService - Fetching patient with ID 2
2025-07-11 11:02:01 [http-nio-8081-exec-3] DEBUG com.openclassrooms.medilabo.patientService.controller.PatientController - Returning patient: PatientDto(id=2, firstName=Test, lastName=TestBorderline, dateOfBirth=1945-06-24, gender=F, phoneNumber=200-333-4444, address=2 High St)
2025-07-11 11:02:02 [http-nio-8081-exec-2] INFO  com.openclassrooms.medilabo.patientService.controller.PatientController - Received request to get patient with ID 2
2025-07-11 11:02:02 [http-nio-8081-exec-2] INFO  com.openclassrooms.medilabo.patientService.service.PatientService - Fetching patient with ID 2
2025-07-11 11:02:02 [http-nio-8081-exec-2] DEBUG com.openclassrooms.medilabo.patientService.controller.PatientController - Returning patient: PatientDto(id=2, firstName=Test, lastName=TestBorderline, dateOfBirth=1945-06-24, gender=F, phoneNumber=200-333-4444, address=2 High St)
2025-07-11 11:02:07 [http-nio-8081-exec-7] INFO  com.openclassrooms.medilabo.patientService.controller.PatientController - Received request to update patient with ID 2: PatientDto(id=null, firstName=Test, lastName=TestBorderline, dateOfBirth=1945-06-24, gender=M, phoneNumber=200-333-4444, address=2 High St)
2025-07-11 11:02:07 [http-nio-8081-exec-7] INFO  com.openclassrooms.medilabo.patientService.service.PatientService - Updating patient with ID 2
2025-07-11 11:02:07 [http-nio-8081-exec-7] INFO  com.openclassrooms.medilabo.patientService.service.PatientService - Patient with ID 2 updated successfully
2025-07-11 11:02:07 [http-nio-8081-exec-7] INFO  com.openclassrooms.medilabo.patientService.controller.PatientController - Patient with ID 2 updated successfully
2025-07-11 11:02:07 [http-nio-8081-exec-5] INFO  com.openclassrooms.medilabo.patientService.controller.PatientController - Received request to get all patients
2025-07-11 11:02:07 [http-nio-8081-exec-5] INFO  com.openclassrooms.medilabo.patientService.service.PatientService - Fetching all patients from repository
2025-07-11 11:02:07 [http-nio-8081-exec-5] DEBUG com.openclassrooms.medilabo.patientService.service.PatientService - Found 4 patient records
2025-07-11 11:02:07 [http-nio-8081-exec-5] DEBUG com.openclassrooms.medilabo.patientService.controller.PatientController - Returning 4 patients
