2025-07-08 11:26:22 [main] INFO  com.openclassrooms.medilabo.patientService.PatientServiceApplication - Starting PatientServiceApplication using Java 21.0.5 with PID 4592 (C:\Workspace\OC_P9_Medilabo\patientService\target\classes started by Cy in C:\Workspace\OC_P9_Medilabo)
2025-07-08 11:26:22 [main] DEBUG com.openclassrooms.medilabo.patientService.PatientServiceApplication - Running with Spring Boot v3.4.7, Spring v6.2.8
2025-07-08 11:26:22 [main] INFO  com.openclassrooms.medilabo.patientService.PatientServiceApplication - No active profile set, falling back to 1 default profile: "default"
2025-07-08 11:26:31 [main] INFO  com.openclassrooms.medilabo.patientService.PatientServiceApplication - Started PatientServiceApplication in 9.42 seconds (process running for 10.543)
2025-07-08 11:31:27 [main] INFO  com.openclassrooms.medilabo.patientService.PatientServiceApplication - Starting PatientServiceApplication using Java 21.0.5 with PID 13888 (C:\Workspace\OC_P9_Medilabo\patientService\target\classes started by Cy in C:\Workspace\OC_P9_Medilabo)
2025-07-08 11:31:27 [main] DEBUG com.openclassrooms.medilabo.patientService.PatientServiceApplication - Running with Spring Boot v3.4.7, Spring v6.2.8
2025-07-08 11:31:27 [main] INFO  com.openclassrooms.medilabo.patientService.PatientServiceApplication - No active profile set, falling back to 1 default profile: "default"
2025-07-08 11:31:38 [main] INFO  com.openclassrooms.medilabo.patientService.PatientServiceApplication - Started PatientServiceApplication in 11.993 seconds (process running for 13.256)
2025-07-08 11:36:31 [main] INFO  com.openclassrooms.medilabo.patientService.PatientServiceApplication - Starting PatientServiceApplication using Java 21.0.5 with PID 7192 (C:\Workspace\OC_P9_Medilabo\patientService\target\classes started by Cy in C:\Workspace\OC_P9_Medilabo)
2025-07-08 11:36:31 [main] DEBUG com.openclassrooms.medilabo.patientService.PatientServiceApplication - Running with Spring Boot v3.4.7, Spring v6.2.8
2025-07-08 11:36:31 [main] INFO  com.openclassrooms.medilabo.patientService.PatientServiceApplication - No active profile set, falling back to 1 default profile: "default"
2025-07-08 11:36:39 [main] INFO  com.openclassrooms.medilabo.patientService.PatientServiceApplication - Started PatientServiceApplication in 8.79 seconds (process running for 9.932)
2025-07-08 11:38:23 [main] INFO  com.openclassrooms.medilabo.patientService.PatientServiceApplication - Starting PatientServiceApplication using Java 21.0.5 with PID 2536 (C:\Workspace\OC_P9_Medilabo\patientService\target\classes started by Cy in C:\Workspace\OC_P9_Medilabo)
2025-07-08 11:38:23 [main] DEBUG com.openclassrooms.medilabo.patientService.PatientServiceApplication - Running with Spring Boot v3.4.7, Spring v6.2.8
2025-07-08 11:38:23 [main] INFO  com.openclassrooms.medilabo.patientService.PatientServiceApplication - No active profile set, falling back to 1 default profile: "default"
2025-07-08 11:38:35 [main] INFO  com.openclassrooms.medilabo.patientService.PatientServiceApplication - Started PatientServiceApplication in 12.592 seconds (process running for 14.283)
2025-07-08 11:42:43 [main] INFO  com.openclassrooms.medilabo.patientService.PatientServiceApplication - Starting PatientServiceApplication using Java 21.0.5 with PID 7648 (C:\Workspace\OC_P9_Medilabo\patientService\target\classes started by Cy in C:\Workspace\OC_P9_Medilabo)
2025-07-08 11:42:43 [main] DEBUG com.openclassrooms.medilabo.patientService.PatientServiceApplication - Running with Spring Boot v3.4.7, Spring v6.2.8
2025-07-08 11:42:43 [main] INFO  com.openclassrooms.medilabo.patientService.PatientServiceApplication - No active profile set, falling back to 1 default profile: "default"
2025-07-08 11:42:57 [main] INFO  com.openclassrooms.medilabo.patientService.PatientServiceApplication - Started PatientServiceApplication in 14.862 seconds (process running for 16.843)
2025-07-08 11:51:20 [main] INFO  com.openclassrooms.medilabo.patientService.PatientServiceApplication - Starting PatientServiceApplication using Java 21.0.5 with PID 21548 (C:\Workspace\OC_P9_Medilabo\patientService\target\classes started by Cy in C:\Workspace\OC_P9_Medilabo)
2025-07-08 11:51:20 [main] DEBUG com.openclassrooms.medilabo.patientService.PatientServiceApplication - Running with Spring Boot v3.4.7, Spring v6.2.8
2025-07-08 11:51:20 [main] INFO  com.openclassrooms.medilabo.patientService.PatientServiceApplication - No active profile set, falling back to 1 default profile: "default"
2025-07-08 11:51:29 [main] INFO  com.openclassrooms.medilabo.patientService.PatientServiceApplication - Started PatientServiceApplication in 10.094 seconds (process running for 11.668)
2025-07-08 11:52:55 [main] INFO  com.openclassrooms.medilabo.patientService.PatientServiceApplication - Starting PatientServiceApplication using Java 21.0.5 with PID 18504 (C:\Workspace\OC_P9_Medilabo\patientService\target\classes started by Cy in C:\Workspace\OC_P9_Medilabo)
2025-07-08 11:52:55 [main] DEBUG com.openclassrooms.medilabo.patientService.PatientServiceApplication - Running with Spring Boot v3.4.7, Spring v6.2.8
2025-07-08 11:52:55 [main] INFO  com.openclassrooms.medilabo.patientService.PatientServiceApplication - No active profile set, falling back to 1 default profile: "default"
2025-07-08 11:53:04 [main] INFO  com.openclassrooms.medilabo.patientService.PatientServiceApplication - Started PatientServiceApplication in 10.202 seconds (process running for 11.475)
2025-07-08 11:57:50 [main] INFO  com.openclassrooms.medilabo.patientService.PatientServiceApplication - Starting PatientServiceApplication using Java 21.0.5 with PID 21180 (C:\Workspace\OC_P9_Medilabo\patientService\target\classes started by Cy in C:\Workspace\OC_P9_Medilabo)
2025-07-08 11:57:50 [main] DEBUG com.openclassrooms.medilabo.patientService.PatientServiceApplication - Running with Spring Boot v3.4.7, Spring v6.2.8
2025-07-08 11:57:50 [main] INFO  com.openclassrooms.medilabo.patientService.PatientServiceApplication - No active profile set, falling back to 1 default profile: "default"
2025-07-08 11:58:03 [main] INFO  com.openclassrooms.medilabo.patientService.PatientServiceApplication - Started PatientServiceApplication in 14.226 seconds (process running for 16.024)
2025-07-08 12:03:22 [main] INFO  com.openclassrooms.medilabo.patientService.PatientServiceApplication - Starting PatientServiceApplication using Java 21.0.5 with PID 7332 (C:\Workspace\OC_P9_Medilabo\patientService\target\classes started by Cy in C:\Workspace\OC_P9_Medilabo)
2025-07-08 12:03:22 [main] DEBUG com.openclassrooms.medilabo.patientService.PatientServiceApplication - Running with Spring Boot v3.4.7, Spring v6.2.8
2025-07-08 12:03:22 [main] INFO  com.openclassrooms.medilabo.patientService.PatientServiceApplication - No active profile set, falling back to 1 default profile: "default"
2025-07-08 12:03:31 [main] INFO  com.openclassrooms.medilabo.patientService.PatientServiceApplication - Started PatientServiceApplication in 9.944 seconds (process running for 11.451)
2025-07-08 12:04:45 [main] INFO  com.openclassrooms.medilabo.patientService.PatientServiceApplication - Starting PatientServiceApplication using Java 21.0.5 with PID 24120 (C:\Workspace\OC_P9_Medilabo\patientService\target\classes started by Cy in C:\Workspace\OC_P9_Medilabo)
2025-07-08 12:04:45 [main] DEBUG com.openclassrooms.medilabo.patientService.PatientServiceApplication - Running with Spring Boot v3.4.7, Spring v6.2.8
2025-07-08 12:04:45 [main] INFO  com.openclassrooms.medilabo.patientService.PatientServiceApplication - No active profile set, falling back to 1 default profile: "default"
2025-07-08 12:04:55 [main] INFO  com.openclassrooms.medilabo.patientService.PatientServiceApplication - Started PatientServiceApplication in 10.162 seconds (process running for 11.381)
2025-07-08 12:06:10 [main] INFO  com.openclassrooms.medilabo.patientService.PatientServiceApplication - Starting PatientServiceApplication using Java 21.0.5 with PID 20460 (C:\Workspace\OC_P9_Medilabo\patientService\target\classes started by Cy in C:\Workspace\OC_P9_Medilabo)
2025-07-08 12:06:10 [main] DEBUG com.openclassrooms.medilabo.patientService.PatientServiceApplication - Running with Spring Boot v3.4.7, Spring v6.2.8
2025-07-08 12:06:10 [main] INFO  com.openclassrooms.medilabo.patientService.PatientServiceApplication - No active profile set, falling back to 1 default profile: "default"
2025-07-08 12:06:20 [main] INFO  com.openclassrooms.medilabo.patientService.PatientServiceApplication - Started PatientServiceApplication in 11.173 seconds (process running for 12.855)
2025-07-08 12:09:25 [main] INFO  com.openclassrooms.medilabo.patientService.PatientServiceApplication - Starting PatientServiceApplication using Java 21.0.5 with PID 23520 (C:\Workspace\OC_P9_Medilabo\patientService\target\classes started by Cy in C:\Workspace\OC_P9_Medilabo)
2025-07-08 12:09:25 [main] DEBUG com.openclassrooms.medilabo.patientService.PatientServiceApplication - Running with Spring Boot v3.4.7, Spring v6.2.8
2025-07-08 12:09:25 [main] INFO  com.openclassrooms.medilabo.patientService.PatientServiceApplication - No active profile set, falling back to 1 default profile: "default"
2025-07-08 12:09:35 [main] INFO  com.openclassrooms.medilabo.patientService.PatientServiceApplication - Started PatientServiceApplication in 10.87 seconds (process running for 12.233)
2025-07-08 12:10:49 [main] INFO  com.openclassrooms.medilabo.patientService.PatientServiceApplication - Starting PatientServiceApplication using Java 21.0.5 with PID 13092 (C:\Workspace\OC_P9_Medilabo\patientService\target\classes started by Cy in C:\Workspace\OC_P9_Medilabo)
2025-07-08 12:10:49 [main] DEBUG com.openclassrooms.medilabo.patientService.PatientServiceApplication - Running with Spring Boot v3.4.7, Spring v6.2.8
2025-07-08 12:10:49 [main] INFO  com.openclassrooms.medilabo.patientService.PatientServiceApplication - No active profile set, falling back to 1 default profile: "default"
2025-07-08 12:10:56 [main] INFO  com.openclassrooms.medilabo.patientService.PatientServiceApplication - Started PatientServiceApplication in 8.757 seconds (process running for 10.157)
2025-07-08 12:13:08 [main] INFO  com.openclassrooms.medilabo.patientService.PatientServiceApplication - Starting PatientServiceApplication using Java 21.0.5 with PID 6588 (C:\Workspace\OC_P9_Medilabo\patientService\target\classes started by Cy in C:\Workspace\OC_P9_Medilabo)
2025-07-08 12:13:08 [main] DEBUG com.openclassrooms.medilabo.patientService.PatientServiceApplication - Running with Spring Boot v3.4.7, Spring v6.2.8
2025-07-08 12:13:08 [main] INFO  com.openclassrooms.medilabo.patientService.PatientServiceApplication - No active profile set, falling back to 1 default profile: "default"
2025-07-08 12:13:16 [main] INFO  com.openclassrooms.medilabo.patientService.PatientServiceApplication - Started PatientServiceApplication in 8.428 seconds (process running for 9.875)
2025-07-08 12:18:20 [main] INFO  com.openclassrooms.medilabo.patientService.PatientServiceApplication - Starting PatientServiceApplication using Java 21.0.5 with PID 13508 (C:\Workspace\OC_P9_Medilabo\patientService\target\classes started by Cy in C:\Workspace\OC_P9_Medilabo)
2025-07-08 12:18:20 [main] DEBUG com.openclassrooms.medilabo.patientService.PatientServiceApplication - Running with Spring Boot v3.4.7, Spring v6.2.8
2025-07-08 12:18:20 [main] INFO  com.openclassrooms.medilabo.patientService.PatientServiceApplication - No active profile set, falling back to 1 default profile: "default"
2025-07-08 12:18:28 [main] INFO  com.openclassrooms.medilabo.patientService.PatientServiceApplication - Started PatientServiceApplication in 8.934 seconds (process running for 10.277)
2025-07-08 12:18:50 [http-nio-8081-exec-1] INFO  com.openclassrooms.medilabo.patientService.controller.PatientController - Received request to get patient with ID 999
2025-07-08 12:20:50 [main] INFO  com.openclassrooms.medilabo.patientService.PatientServiceApplication - Starting PatientServiceApplication using Java 21.0.5 with PID 14400 (C:\Workspace\OC_P9_Medilabo\patientService\target\classes started by Cy in C:\Workspace\OC_P9_Medilabo)
2025-07-08 12:20:50 [main] DEBUG com.openclassrooms.medilabo.patientService.PatientServiceApplication - Running with Spring Boot v3.4.7, Spring v6.2.8
2025-07-08 12:20:50 [main] INFO  com.openclassrooms.medilabo.patientService.PatientServiceApplication - No active profile set, falling back to 1 default profile: "default"
2025-07-08 12:20:58 [main] INFO  com.openclassrooms.medilabo.patientService.PatientServiceApplication - Started PatientServiceApplication in 9.456 seconds (process running for 10.729)
2025-07-08 12:21:19 [http-nio-8081-exec-1] INFO  com.openclassrooms.medilabo.patientService.controller.PatientController - Received request to get patient with ID 999
2025-07-08 12:21:19 [http-nio-8081-exec-1] INFO  com.openclassrooms.medilabo.patientService.service.PatientService - Fetching patient with ID 999
2025-07-08 12:21:19 [http-nio-8081-exec-1] ERROR com.openclassrooms.medilabo.patientService.service.PatientService - Patient with ID 999 not found
2025-07-08 12:21:19 [http-nio-8081-exec-1] ERROR com.openclassrooms.medilabo.patientService.exceptions.PatientNotFoundException - Patient with ID 999 not found for update
2025-07-08 12:22:35 [main] INFO  com.openclassrooms.medilabo.patientService.PatientServiceApplication - Starting PatientServiceApplication using Java 21.0.5 with PID 19420 (C:\Workspace\OC_P9_Medilabo\patientService\target\classes started by Cy in C:\Workspace\OC_P9_Medilabo)
2025-07-08 12:22:35 [main] DEBUG com.openclassrooms.medilabo.patientService.PatientServiceApplication - Running with Spring Boot v3.4.7, Spring v6.2.8
2025-07-08 12:22:35 [main] INFO  com.openclassrooms.medilabo.patientService.PatientServiceApplication - No active profile set, falling back to 1 default profile: "default"
2025-07-08 12:22:42 [main] INFO  com.openclassrooms.medilabo.patientService.PatientServiceApplication - Started PatientServiceApplication in 8.624 seconds (process running for 9.848)
2025-07-08 12:22:55 [http-nio-8081-exec-1] INFO  com.openclassrooms.medilabo.patientService.controller.PatientController - Received request to get patient with ID 999
2025-07-08 12:22:55 [http-nio-8081-exec-1] INFO  com.openclassrooms.medilabo.patientService.service.PatientService - Fetching patient with ID 999
2025-07-08 12:22:55 [http-nio-8081-exec-1] ERROR com.openclassrooms.medilabo.patientService.exceptions.PatientNotFoundException - Patient with ID 999 not found for update
2025-07-08 12:23:31 [http-nio-8081-exec-2] INFO  com.openclassrooms.medilabo.patientService.controller.PatientController - Received request to get all patients
2025-07-08 12:23:31 [http-nio-8081-exec-2] INFO  com.openclassrooms.medilabo.patientService.service.PatientService - Fetching all patients from repository
2025-07-08 12:23:31 [http-nio-8081-exec-2] DEBUG com.openclassrooms.medilabo.patientService.service.PatientService - Found 5 patient records
2025-07-08 12:23:31 [http-nio-8081-exec-2] DEBUG com.openclassrooms.medilabo.patientService.controller.PatientController - Returning 5 patients
