2025-07-16 15:40:09 [main] INFO  com.openclassrooms.medilabo.notesService.controller.NoteControllerIT - Starting NoteControllerIT using Java 21.0.5 with PID 6416 (started by Cy in C:\Workspace\OC_P9_Medilabo\notesService)
2025-07-16 15:40:09 [main] DEBUG com.openclassrooms.medilabo.notesService.controller.NoteControllerIT - Running with Spring Boot v3.4.7, Spring v6.2.8
2025-07-16 15:40:09 [main] INFO  com.openclassrooms.medilabo.notesService.controller.NoteControllerIT - No active profile set, falling back to 1 default profile: "default"
2025-07-16 15:40:15 [main] INFO  com.openclassrooms.medilabo.notesService.controller.NoteControllerIT - Started NoteControllerIT in 7.578 seconds (process running for 20.824)
2025-07-16 15:43:01 [main] INFO  com.openclassrooms.medilabo.notesService.controller.NoteControllerIT - Starting NoteControllerIT using Java 21.0.5 with PID 22504 (started by Cy in C:\Workspace\OC_P9_Medilabo\notesService)
2025-07-16 15:43:01 [main] DEBUG com.openclassrooms.medilabo.notesService.controller.NoteControllerIT - Running with Spring Boot v3.4.7, Spring v6.2.8
2025-07-16 15:43:01 [main] INFO  com.openclassrooms.medilabo.notesService.controller.NoteControllerIT - No active profile set, falling back to 1 default profile: "default"
2025-07-16 15:43:09 [main] INFO  com.openclassrooms.medilabo.notesService.controller.NoteControllerIT - Started NoteControllerIT in 9.962 seconds (process running for 27.937)
2025-07-16 15:44:36 [main] INFO  com.openclassrooms.medilabo.notesService.controller.NoteControllerIT - Starting NoteControllerIT using Java 21.0.5 with PID 27788 (started by Cy in C:\Workspace\OC_P9_Medilabo\notesService)
2025-07-16 15:44:36 [main] DEBUG com.openclassrooms.medilabo.notesService.controller.NoteControllerIT - Running with Spring Boot v3.4.7, Spring v6.2.8
2025-07-16 15:44:36 [main] INFO  com.openclassrooms.medilabo.notesService.controller.NoteControllerIT - No active profile set, falling back to 1 default profile: "default"
2025-07-16 15:44:45 [main] INFO  com.openclassrooms.medilabo.notesService.controller.NoteControllerIT - Started NoteControllerIT in 10.157 seconds (process running for 27.318)
2025-07-16 15:44:47 [main] INFO  com.openclassrooms.medilabo.notesService.controller.NoteController - Received request to get all notes for patient with ID 123
2025-07-16 15:44:47 [main] INFO  com.openclassrooms.medilabo.notesService.service.NoteService - Fetching notes for patient ID 123
2025-07-16 15:44:47 [main] DEBUG com.openclassrooms.medilabo.notesService.controller.NoteController - Returning 1 notes for patient ID 123
2025-07-16 15:44:48 [main] INFO  com.openclassrooms.medilabo.notesService.controller.NoteController - Received request to add note to patient with ID 456
2025-07-16 15:44:48 [main] INFO  com.openclassrooms.medilabo.notesService.service.NoteService - Attempting to add new note to patient ID 456
2025-07-16 15:44:48 [main] INFO  com.openclassrooms.medilabo.notesService.service.NoteService - Note added successfully for patient ID 456
2025-07-16 15:44:48 [main] DEBUG com.openclassrooms.medilabo.notesService.service.NoteService - Content of the note: Jane Doe
2025-07-16 15:44:48 [main] INFO  com.openclassrooms.medilabo.notesService.controller.NoteController - Received request to get all notes for patient with ID 999
2025-07-16 15:44:48 [main] INFO  com.openclassrooms.medilabo.notesService.service.NoteService - Fetching notes for patient ID 999
2025-07-16 15:44:48 [main] DEBUG com.openclassrooms.medilabo.notesService.controller.NoteController - Returning 0 notes for patient ID 999
2025-07-16 15:49:33 [main] INFO  com.openclassrooms.medilabo.notesService.controller.NoteControllerIT - Starting NoteControllerIT using Java 21.0.5 with PID 15092 (started by Cy in C:\Workspace\OC_P9_Medilabo\notesService)
2025-07-16 15:49:33 [main] DEBUG com.openclassrooms.medilabo.notesService.controller.NoteControllerIT - Running with Spring Boot v3.4.7, Spring v6.2.8
2025-07-16 15:49:33 [main] INFO  com.openclassrooms.medilabo.notesService.controller.NoteControllerIT - No active profile set, falling back to 1 default profile: "default"
2025-07-16 15:49:38 [main] INFO  com.openclassrooms.medilabo.notesService.controller.NoteControllerIT - Started NoteControllerIT in 5.38 seconds (process running for 19.948)
2025-07-16 15:49:41 [main] INFO  com.openclassrooms.medilabo.notesService.controller.NoteController - Received request to get all notes for patient with ID 123
2025-07-16 15:49:41 [main] INFO  com.openclassrooms.medilabo.notesService.service.NoteService - Fetching notes for patient ID 123
2025-07-16 15:49:41 [main] DEBUG com.openclassrooms.medilabo.notesService.controller.NoteController - Returning 1 notes for patient ID 123
2025-07-16 15:49:41 [main] INFO  com.openclassrooms.medilabo.notesService.controller.NoteController - Received request to add note to patient with ID 456
2025-07-16 15:49:41 [main] INFO  com.openclassrooms.medilabo.notesService.service.NoteService - Attempting to add new note to patient ID 456
2025-07-16 15:49:41 [main] INFO  com.openclassrooms.medilabo.notesService.service.NoteService - Note added successfully for patient ID 456
2025-07-16 15:49:41 [main] DEBUG com.openclassrooms.medilabo.notesService.service.NoteService - Content of the note: Jane Doe
2025-07-16 15:49:41 [main] INFO  com.openclassrooms.medilabo.notesService.controller.NoteController - Received request to get all notes for patient with ID 999
2025-07-16 15:49:41 [main] INFO  com.openclassrooms.medilabo.notesService.service.NoteService - Fetching notes for patient ID 999
2025-07-16 15:49:41 [main] DEBUG com.openclassrooms.medilabo.notesService.controller.NoteController - Returning 0 notes for patient ID 999
2025-07-16 15:51:08 [main] INFO  com.openclassrooms.medilabo.notesService.controller.NoteControllerIT - Starting NoteControllerIT using Java 21.0.5 with PID 15364 (started by Cy in C:\Workspace\OC_P9_Medilabo\notesService)
2025-07-16 15:51:08 [main] DEBUG com.openclassrooms.medilabo.notesService.controller.NoteControllerIT - Running with Spring Boot v3.4.7, Spring v6.2.8
2025-07-16 15:51:08 [main] INFO  com.openclassrooms.medilabo.notesService.controller.NoteControllerIT - No active profile set, falling back to 1 default profile: "default"
2025-07-16 15:51:13 [main] INFO  com.openclassrooms.medilabo.notesService.controller.NoteControllerIT - Started NoteControllerIT in 6.25 seconds (process running for 16.956)
2025-07-16 15:51:15 [main] INFO  com.openclassrooms.medilabo.notesService.controller.NoteController - Received request to get all notes for patient with ID 123
2025-07-16 15:51:15 [main] INFO  com.openclassrooms.medilabo.notesService.service.NoteService - Fetching notes for patient ID 123
2025-07-16 15:51:15 [main] DEBUG com.openclassrooms.medilabo.notesService.controller.NoteController - Returning 1 notes for patient ID 123
2025-07-16 15:51:16 [main] INFO  com.openclassrooms.medilabo.notesService.controller.NoteController - Received request to add note to patient with ID 456
2025-07-16 15:51:16 [main] INFO  com.openclassrooms.medilabo.notesService.service.NoteService - Attempting to add new note to patient ID 456
2025-07-16 15:51:16 [main] INFO  com.openclassrooms.medilabo.notesService.service.NoteService - Note added successfully for patient ID 456
2025-07-16 15:51:16 [main] DEBUG com.openclassrooms.medilabo.notesService.service.NoteService - Content of the note: Jane Doe
